Flow report for MIPS_datapath
Tue Nov 21 16:05:43 2023
Quartus II 64-Bit Version 13.0.1 Build 232 06/12/2013 Service Pack 1 SJ Web Edition


---------------------
; Table of Contents ;
---------------------
  1. Legal Notice
  2. Flow Summary
  3. Flow Settings
  4. Flow Non-Default Global Settings
  5. Flow Elapsed Time
  6. Flow OS Summary
  7. Flow Log
  8. Flow Messages
  9. Flow Suppressed Messages



----------------
; Legal Notice ;
----------------
Copyright (C) 1991-2013 Altera Corporation
Your use of Altera Corporation's design tools, logic functions 
and other software and tools, and its AMPP partner logic 
functions, and any output files from any of the foregoing 
(including device programming or simulation files), and any 
associated documentation or information are expressly subject 
to the terms and conditions of the Altera Program License 
Subscription Agreement, Altera MegaCore Function License 
Agreement, or other applicable license agreement, including, 
without limitation, that your use is for the sole purpose of 
programming logic devices manufactured by Altera and sold by 
Altera or its authorized distributors.  Please refer to the 
applicable agreement for further details.



+--------------------------------------------------------------------------------------+
; Flow Summary                                                                         ;
+------------------------------------+-------------------------------------------------+
; Flow Status                        ; Successful - Tue Nov 21 16:05:43 2023           ;
; Quartus II 64-Bit Version          ; 13.0.1 Build 232 06/12/2013 SP 1 SJ Web Edition ;
; Revision Name                      ; MIPS_datapath                                   ;
; Top-level Entity Name              ; MIPS_datapath                                   ;
; Family                             ; Cyclone II                                      ;
; Device                             ; EP2C35F672C6                                    ;
; Timing Models                      ; Final                                           ;
; Total logic elements               ; 3,181 / 33,216 ( 10 % )                         ;
;     Total combinational functions  ; 2,333 / 33,216 ( 7 % )                          ;
;     Dedicated logic registers      ; 2,080 / 33,216 ( 6 % )                          ;
; Total registers                    ; 2080                                            ;
; Total pins                         ; 170 / 475 ( 36 % )                              ;
; Total virtual pins                 ; 0                                               ;
; Total memory bits                  ; 0 / 483,840 ( 0 % )                             ;
; Embedded Multiplier 9-bit elements ; 0 / 70 ( 0 % )                                  ;
; Total PLLs                         ; 0 / 4 ( 0 % )                                   ;
+------------------------------------+-------------------------------------------------+


+-----------------------------------------+
; Flow Settings                           ;
+-------------------+---------------------+
; Option            ; Setting             ;
+-------------------+---------------------+
; Start date & time ; 11/21/2023 16:04:38 ;
; Main task         ; Compilation         ;
; Revision Name     ; MIPS_datapath       ;
+-------------------+---------------------+


+-------------------------------------------------------------------------------------------------------------------------------------+
; Flow Non-Default Global Settings                                                                                                    ;
+--------------------------------------+---------------------------------------+---------------+-------------+------------------------+
; Assignment Name                      ; Value                                 ; Default Value ; Entity Name ; Section Id             ;
+--------------------------------------+---------------------------------------+---------------+-------------+------------------------+
; COMPILER_SIGNATURE_ID                ; 251408611089729.170055747815960       ; --            ; --          ; --                     ;
; EDA_DESIGN_INSTANCE_NAME             ; NA                                    ; --            ; --          ; ALU_testbench          ;
; EDA_DESIGN_INSTANCE_NAME             ; NA                                    ; --            ; --          ; MUX21_tb               ;
; EDA_DESIGN_INSTANCE_NAME             ; NA                                    ; --            ; --          ; MIPSdatapath_testbench ;
; EDA_DESIGN_INSTANCE_NAME             ; NA                                    ; --            ; --          ; Reg_testbench          ;
; EDA_GENERATE_FUNCTIONAL_NETLIST      ; On                                    ; --            ; --          ; eda_simulation         ;
; EDA_NATIVELINK_SIMULATION_TEST_BENCH ; MIPSdatapath_testbench                ; --            ; --          ; eda_simulation         ;
; EDA_OUTPUT_DATA_FORMAT               ; Verilog Hdl                           ; --            ; --          ; eda_simulation         ;
; EDA_SIMULATION_TOOL                  ; ModelSim-Altera (Verilog)             ; <None>        ; --          ; --                     ;
; EDA_TEST_BENCH_ENABLE_STATUS         ; TEST_BENCH_MODE                       ; --            ; --          ; eda_simulation         ;
; EDA_TEST_BENCH_FILE                  ; ALU_testbench.v                       ; --            ; --          ; ALU_testbench          ;
; EDA_TEST_BENCH_FILE                  ; MUX21_tb.v                            ; --            ; --          ; MUX21_tb               ;
; EDA_TEST_BENCH_FILE                  ; MIPSdatapath_testbench.v              ; --            ; --          ; MIPSdatapath_testbench ;
; EDA_TEST_BENCH_FILE                  ; Reg_testbench.v                       ; --            ; --          ; Reg_testbench          ;
; EDA_TEST_BENCH_MODULE_NAME           ; ALU_testbench                         ; --            ; --          ; ALU_testbench          ;
; EDA_TEST_BENCH_MODULE_NAME           ; MUX21_tb                              ; --            ; --          ; MUX21_tb               ;
; EDA_TEST_BENCH_MODULE_NAME           ; MIPSdatapath_testbench                ; --            ; --          ; MIPSdatapath_testbench ;
; EDA_TEST_BENCH_MODULE_NAME           ; Reg_testbench                         ; --            ; --          ; Reg_testbench          ;
; EDA_TEST_BENCH_NAME                  ; ALU_testbench                         ; --            ; --          ; eda_simulation         ;
; EDA_TEST_BENCH_NAME                  ; MUX21_tb                              ; --            ; --          ; eda_simulation         ;
; EDA_TEST_BENCH_NAME                  ; MIPSdatapath_testbench                ; --            ; --          ; eda_simulation         ;
; EDA_TEST_BENCH_NAME                  ; Reg_testbench                         ; --            ; --          ; eda_simulation         ;
; EDA_TIME_SCALE                       ; 1 ps                                  ; --            ; --          ; eda_simulation         ;
; MAX_CORE_JUNCTION_TEMP               ; 85                                    ; --            ; --          ; --                     ;
; MIN_CORE_JUNCTION_TEMP               ; 0                                     ; --            ; --          ; --                     ;
; PARTITION_COLOR                      ; 16764057                              ; --            ; --          ; Top                    ;
; PARTITION_FITTER_PRESERVATION_LEVEL  ; PLACEMENT_AND_ROUTING                 ; --            ; --          ; Top                    ;
; PARTITION_NETLIST_TYPE               ; SOURCE                                ; --            ; --          ; Top                    ;
; POWER_BOARD_THERMAL_MODEL            ; None (CONSERVATIVE)                   ; --            ; --          ; --                     ;
; POWER_PRESET_COOLING_SOLUTION        ; 23 MM HEAT SINK WITH 200 LFPM AIRFLOW ; --            ; --          ; --                     ;
; PROJECT_OUTPUT_DIRECTORY             ; output_files                          ; --            ; --          ; --                     ;
+--------------------------------------+---------------------------------------+---------------+-------------+------------------------+


+-------------------------------------------------------------------------------------------------------------------------------+
; Flow Elapsed Time                                                                                                             ;
+---------------------------+--------------+-------------------------+---------------------+------------------------------------+
; Module Name               ; Elapsed Time ; Average Processors Used ; Peak Virtual Memory ; Total CPU Time (on all processors) ;
+---------------------------+--------------+-------------------------+---------------------+------------------------------------+
; Analysis & Synthesis      ; 00:00:10     ; 1.0                     ; 4604 MB             ; 00:00:08                           ;
; Fitter                    ; 00:00:45     ; 1.0                     ; 4954 MB             ; 00:00:42                           ;
; Assembler                 ; 00:00:02     ; 1.0                     ; 4574 MB             ; 00:00:02                           ;
; TimeQuest Timing Analyzer ; 00:00:02     ; 1.0                     ; 4606 MB             ; 00:00:02                           ;
; EDA Netlist Writer        ; 00:00:01     ; 1.0                     ; 4534 MB             ; 00:00:01                           ;
; Total                     ; 00:01:00     ; --                      ; --                  ; 00:00:55                           ;
+---------------------------+--------------+-------------------------+---------------------+------------------------------------+


+----------------------------------------------------------------------------------------+
; Flow OS Summary                                                                        ;
+---------------------------+------------------+-----------+------------+----------------+
; Module Name               ; Machine Hostname ; OS Name   ; OS Version ; Processor type ;
+---------------------------+------------------+-----------+------------+----------------+
; Analysis & Synthesis      ; DESKTOP-M10OEIP  ; Windows 7 ; 6.2        ; x86_64         ;
; Fitter                    ; DESKTOP-M10OEIP  ; Windows 7 ; 6.2        ; x86_64         ;
; Assembler                 ; DESKTOP-M10OEIP  ; Windows 7 ; 6.2        ; x86_64         ;
; TimeQuest Timing Analyzer ; DESKTOP-M10OEIP  ; Windows 7 ; 6.2        ; x86_64         ;
; EDA Netlist Writer        ; DESKTOP-M10OEIP  ; Windows 7 ; 6.2        ; x86_64         ;
+---------------------------+------------------+-----------+------------+----------------+


------------
; Flow Log ;
------------
quartus_map --read_settings_files=on --write_settings_files=off MIPS_datapath -c MIPS_datapath
quartus_fit --read_settings_files=off --write_settings_files=off MIPS_datapath -c MIPS_datapath
quartus_asm --read_settings_files=off --write_settings_files=off MIPS_datapath -c MIPS_datapath
quartus_sta MIPS_datapath -c MIPS_datapath
quartus_eda --read_settings_files=off --write_settings_files=off MIPS_datapath -c MIPS_datapath



